Array
(
    [PARAMS] => Joomla\Registry\Registry Object
        (
            [data:protected] => stdClass Object
                (
                    [article_layout] => _:default
                    [show_title] => 0
                    [link_titles] => 0
                    [show_intro] => 0
                    [show_category] => 0
                    [link_category] => 0
                    [show_parent_category] => 0
                    [link_parent_category] => 0
                    [show_author] => 0
                    [link_author] => 0
                    [show_create_date] => 0
                    [show_modify_date] => 0
                    [show_publish_date] => 1
                    [show_item_navigation] => 0
                    [show_vote] => 0
                    [show_readmore] => 0
                    [show_readmore_title] => 0
                    [readmore_limit] => 100
                    [show_icons] => 0
                    [show_print_icon] => 0
                    [show_email_icon] => 0
                    [show_hits] => use_article
                    [show_noauth] => 0
                    [urls_position] => 0
                    [show_publishing_options] => 1
                    [show_article_options] => 1
                    [show_urls_images_frontend] => 0
                    [show_urls_images_backend] => 1
                    [targeta] => 0
                    [targetb] => 0
                    [targetc] => 0
                    [float_intro] => left
                    [float_fulltext] => left
                    [category_layout] => _:blog
                    [show_category_heading_title_text] => 1
                    [show_category_title] => 0
                    [show_description] => 0
                    [show_description_image] => 0
                    [maxLevel] => 1
                    [show_empty_categories] => 0
                    [show_no_articles] => 1
                    [show_subcat_desc] => 1
                    [show_cat_num_articles] => 0
                    [show_base_description] => 1
                    [maxLevelcat] => -1
                    [show_empty_categories_cat] => 0
                    [show_subcat_desc_cat] => 1
                    [show_cat_num_articles_cat] => 1
                    [num_leading_articles] => 0
                    [num_intro_articles] => 0
                    [num_columns] => 0
                    [num_links] => 0
                    [multi_column_order] => 0
                    [show_subcategory_content] => 0
                    [show_pagination_limit] => 1
                    [filter_field] => hide
                    [show_headings] => 1
                    [list_show_date] => 0
                    [date_format] => 
                    [list_show_hits] => 1
                    [list_show_author] => 1
                    [orderby_pri] => order
                    [orderby_sec] => rdate
                    [order_date] => published
                    [show_pagination] => 0
                    [show_pagination_results] => 0
                    [show_feed_link] => 0
                    [feed_summary] => 0
                    [feed_show_readmore] => 0
                    [layout_type] => blog
                    [info_block_position] => 0
                    [show_tags] => 0
                    [menu_text] => 1
                    [page_title] => Home
                    [show_page_heading] => 0
                    [secure] => 0
                    [page_description] => My site
                    [page_rights] => 
                    [robots] => 
                    [page_heading] => Home
                )

        )

    [HEAD DATA] => Array
        (
            [title] => H.U.G.E. Online - Home
            [description] => My site
            [link] => 
            [metaTags] => Array
                (
                    [http-equiv] => Array
                        (
                            [content-type] => text/html; charset=utf-8
                        )

                    [standard] => Array
                        (
                            [keywords] => 
                            [rights] => 
                        )

                )

            [links] => Array
                (
                    [http://www.huge-online2.co.uk/] => Array
                        (
                            [relation] => canonical
                            [relType] => rel
                            [attribs] => Array
                                (
                                )

                        )

                )

            [styleSheets] => Array
                (
                    [/components/com_jcomments/tpl/vmsource/style.css?v=3002] => Array
                        (
                            [mime] => text/css
                            [media] => 
                            [attribs] => Array
                                (
                                )

                        )

                )

            [style] => Array
                (
                )

            [scripts] => Array
                (
                    [/components/com_jcomments/js/jcomments-v2.3.js?v=12] => Array
                        (
                            [mime] => text/javascript
                            [defer] => 
                            [async] => 
                        )

                    [/components/com_jcomments/libraries/joomlatune/ajax.js?v=4] => Array
                        (
                            [mime] => text/javascript
                            [defer] => 
                            [async] => 
                        )

                    [/media/system/js/caption.js] => Array
                        (
                            [mime] => text/javascript
                            [defer] => 
                            [async] => 
                        )

                )

            [script] => Array
                (
                    [text/javascript] => jQuery(window).on('load',  function() {
				new JCaption('img.caption');
			});
                )

            [custom] => Array
                (
                )

            [scriptText] => Array
                (
                )

        )

    [ACTIVE] => stdClass Object
        (
            [id] => 121
            [menutype] => mainmenu
            [title] => Home
            [alias] => home
            [note] => 
            [route] => home
            [link] => index.php?option=com_content&view=featured
            [type] => component
            [level] => 1
            [language] => *
            [browserNav] => 0
            [access] => 1
            [params] => Joomla\Registry\Registry Object
                (
                    [data:protected] => stdClass Object
                        (
                            [layout_type] => blog
                            [num_leading_articles] => 0
                            [num_intro_articles] => 0
                            [num_columns] => 0
                            [num_links] => 0
                            [multi_column_order] => 
                            [orderby_pri] => 
                            [orderby_sec] => 
                            [order_date] => 
                            [show_pagination] => 0
                            [show_pagination_results] => 0
                            [show_title] => 0
                            [link_titles] => 0
                            [show_intro] => 0
                            [info_block_position] => 0
                            [show_category] => 0
                            [link_category] => 0
                            [show_parent_category] => 0
                            [link_parent_category] => 0
                            [show_author] => 0
                            [link_author] => 0
                            [show_create_date] => 0
                            [show_modify_date] => 0
                            [show_publish_date] => 1
                            [show_item_navigation] => 0
                            [show_vote] => 0
                            [show_readmore] => 0
                            [show_readmore_title] => 0
                            [show_icons] => 0
                            [show_print_icon] => 0
                            [show_email_icon] => 0
                            [show_hits] => use_article
                            [show_tags] => 0
                            [show_noauth] => 0
                            [show_feed_link] => 0
                            [feed_summary] => 
                            [menu-anchor_title] => 
                            [menu-anchor_css] => 
                            [menu_image] => 
                            [menu_text] => 1
                            [page_title] => Home
                            [show_page_heading] => 0
                            [page_heading] => 
                            [pageclass_sfx] => 
                            [menu-meta_description] => 
                            [menu-meta_keywords] => 
                            [robots] => 
                            [secure] => 0
                        )

                )

            [home] => 1
            [img] => 
            [template_style_id] => 0
            [component_id] => 22
            [parent_id] => 1
            [component] => com_content
            [tree] => Array
                (
                    [0] => 121
                )

            [query] => Array
                (
                    [option] => com_content
                    [view] => featured
                )

        )

    [TEMPLATE] => /templates/theme569
    [TEMPLATE PARAMS] => Joomla\Registry\Registry Object
        (
            [data:protected] => stdClass Object
                (
                    [logo] => images/HUGE_logo_WP.png
                    [sitetitle] => 
                    [sitedescription] => Number #1 Online Shop for African and Caribbean Beauty Products
                    [home_animate] => 1
                    [home_tabs] => 1
                )

        )

    [VIEW] => featured
)

Array
(
    [PARAMS] => Joomla\Registry\Registry Object
        (
            [data:protected] => stdClass Object
                (
                    [menu_text] => 1
                    [show_page_heading] => 0
                    [secure] => 0
                    [multicol_start] => 1
                    [bootstrapmega_width] => full
                    [bootstrapmega_colwidth] => 3,3,3,3,12
                    [bootstrapmega_subtype] => menu
                    [page_title] => Hair Care
                    [page_description] => My site
                    [page_rights] => 
                    [robots] => 
                )

        )

    [HEAD DATA] => Array
        (
            [title] => conditioner Xsandy&#39;s Hair and Beauty
            [description] => My site
            [link] => 
            [metaTags] => Array
                (
                    [http-equiv] => Array
                        (
                            [content-type] => text/html; charset=utf-8
                        )

                    [standard] => Array
                        (
                            [keywords] => 
                            [rights] => 
                            [author] => 
                            [title] => conditioner Xsandy&#39;s Hair and Beauty
                        )

                )

            [links] => Array
                (
                    [http://www.huge-online2.co.uk/index.php/hair-care/conditioner] => Array
                        (
                            [relation] => canonical
                            [relType] => rel
                            [attribs] => Array
                                (
                                )

                        )

                    [/index.php/hair-care/manufacturer/xsandys-hair-and-beauty/conditioner] => Array
                        (
                            [relation] => canonical
                            [relType] => rel
                            [attribs] => 
                        )

                )

            [styleSheets] => Array
                (
                    [/components/com_virtuemart/assets/css/jquery.fancybox-1.3.4.css?vmver=8615] => Array
                        (
                            [mime] => text/css
                            [media] => 
                            [attribs] => Array
                                (
                                )

                        )

                    [/media/system/css/modal.css] => Array
                        (
                            [mime] => text/css
                            [media] => 
                            [attribs] => Array
                                (
                                )

                        )

                )

            [style] => Array
                (
                )

            [scripts] => Array
                (
                    [/media/system/js/mootools-core.js] => Array
                        (
                            [mime] => text/javascript
                            [defer] => 
                            [async] => 
                        )

                    [/media/system/js/core.js] => Array
                        (
                            [mime] => text/javascript
                            [defer] => 
                            [async] => 
                        )

                    [/media/system/js/mootools-more.js] => Array
                        (
                            [mime] => text/javascript
                            [defer] => 
                            [async] => 
                        )

                    [/media/system/js/modal.js] => Array
                        (
                            [mime] => text/javascript
                            [defer] => 
                            [async] => 
                        )

                    [/media/jui/js/bootstrap.min.js] => Array
                        (
                            [mime] => text/javascript
                            [defer] => 
                            [async] => 
                        )

                    [/components/com_virtuemart/assets/js/vmsite.js?vmver=8615] => Array
                        (
                            [mime] => text/javascript
                            [defer] => 
                            [async] => 
                        )

                    [/components/com_virtuemart/assets/js/fancybox/jquery.fancybox-1.3.4.pack.js?vmver=8615] => Array
                        (
                            [mime] => text/javascript
                            [defer] => 1
                            [async] => 
                        )

                    [/components/com_virtuemart/assets/js/vmprices.js?vmver=8615] => Array
                        (
                            [mime] => text/javascript
                            [defer] => 1
                            [async] => 
                        )

                )

            [script] => Array
                (
                    [text/javascript] => (function(d){
					  var js, id = 'powr-js', ref = d.getElementsByTagName('script')[0];
					  if (d.getElementById(id)) {return;}
					  js = d.createElement('script'); js.id = id; js.async = true;
					  js.src = 'http://www.huge-online2.co.uk/plugins/content/powrshortcodes/powr_joomla.js';
					  js.setAttribute('powr-token','e5qtsAa2nN1567888137');
					  js.setAttribute('external-type','joomla');
					  ref.parentNode.insertBefore(js, ref);
					}(document));
		jQuery(function($) {
			SqueezeBox.initialize({});
			SqueezeBox.assign($('a.modal').get(), {
				parse: 'rel'
			});
		});
jQuery(document).ready(function () {
	jQuery('.orderlistcontainer').hover(
		function() { 
			jQuery(this).find('.orderlist').has('div').stop().show();
			jQuery(this).find('.activeOrder.block').append('<i class="fa fa-caret-up"></i>');
			jQuery(this).find('.fa-caret-down').remove();
		},
		function() { 
			jQuery(this).find('.orderlist').has('div').stop().hide();
			jQuery(this).find('.activeOrder.block').append('<i class="fa fa-caret-down"></i>');
			jQuery(this).find('.fa-caret-up').remove();
		}
	)
	jQuery('.orderlistcontainer .orderlist').each(function(){
	 	jQuery(this).parent().find('.activeOrder').addClass('block');            
	})

});

jQuery(document).ready(function(){
	jQuery('.hasTooltip').tooltip({"html": true,"container": "body"});
});
                )

            [custom] => Array
                (
                )

            [scriptText] => Array
                (
                )

        )

    [ACTIVE] => stdClass Object
        (
            [id] => 143
            [menutype] => mainmenu
            [title] => Hair Care
            [alias] => hair-care
            [note] => 
            [route] => hair-care
            [link] => index.php?option=com_virtuemart&view=category&virtuemart_category_id=61&virtuemart_manufacturer_id=14&categorylayout=0&showcategory=1&showproducts=1&productsublayout=0
            [type] => component
            [level] => 1
            [language] => *
            [browserNav] => 0
            [access] => 1
            [params] => Joomla\Registry\Registry Object
                (
                    [data:protected] => stdClass Object
                        (
                            [menu-anchor_title] => 
                            [menu-anchor_css] => 
                            [menu_image] => 
                            [menu_text] => 1
                            [page_title] => 
                            [show_page_heading] => 0
                            [page_heading] => 
                            [pageclass_sfx] => 
                            [menu-meta_description] => 
                            [menu-meta_keywords] => 
                            [robots] => 
                            [secure] => 0
                            [bootstrapmega_subtitle] => 
                            [glyphicon] => 
                            [multicol_start] => 1
                            [bootstrapmega_width] => full
                            [left_offset] => 
                            [right_offset] => 
                            [bootstrapmega_colwidth] => 3,3,3,3,12
                            [bootstrapmega_subtype] => menu
                            [bootstrapmega_label] => 
                            [bootstrapmega_class] => 
                        )

                )

            [home] => 0
            [img] => 
            [template_style_id] => 0
            [component_id] => 10118
            [parent_id] => 1
            [component] => com_virtuemart
            [tree] => Array
                (
                    [0] => 143
                )

            [query] => Array
                (
                    [option] => com_virtuemart
                    [view] => category
                    [virtuemart_category_id] => 61
                    [virtuemart_manufacturer_id] => 14
                    [categorylayout] => 0
                    [showcategory] => 1
                    [showproducts] => 1
                    [productsublayout] => 0
                )

        )

    [TEMPLATE] => /templates/theme569
    [TEMPLATE PARAMS] => Joomla\Registry\Registry Object
        (
            [data:protected] => stdClass Object
                (
                    [logo] => images/HUGE_logo_WP.png
                    [sitetitle] => 
                    [sitedescription] => Number #1 Online Shop for African and Caribbean Beauty Products
                    [home_animate] => 1
                    [home_tabs] => 1
                )

        )

    [VIEW] => category
)

Array
(
    [PARAMS] => Joomla\Registry\Registry Object
        (
            [data:protected] => stdClass Object
                (
                    [article_layout] => _:default
                    [show_title] => 0
                    [link_titles] => 0
                    [show_intro] => 0
                    [show_category] => 0
                    [link_category] => 0
                    [show_parent_category] => 0
                    [link_parent_category] => 0
                    [show_author] => 0
                    [link_author] => 0
                    [show_create_date] => 0
                    [show_modify_date] => 0
                    [show_publish_date] => 1
                    [show_item_navigation] => 0
                    [show_vote] => 0
                    [show_readmore] => 0
                    [show_readmore_title] => 0
                    [readmore_limit] => 100
                    [show_icons] => 0
                    [show_print_icon] => 0
                    [show_email_icon] => 0
                    [show_hits] => use_article
                    [show_noauth] => 0
                    [urls_position] => 0
                    [show_publishing_options] => 1
                    [show_article_options] => 1
                    [show_urls_images_frontend] => 0
                    [show_urls_images_backend] => 1
                    [targeta] => 0
                    [targetb] => 0
                    [targetc] => 0
                    [float_intro] => left
                    [float_fulltext] => left
                    [category_layout] => _:blog
                    [show_category_heading_title_text] => 1
                    [show_category_title] => 0
                    [show_description] => 0
                    [show_description_image] => 0
                    [maxLevel] => 1
                    [show_empty_categories] => 0
                    [show_no_articles] => 1
                    [show_subcat_desc] => 1
                    [show_cat_num_articles] => 0
                    [show_base_description] => 1
                    [maxLevelcat] => -1
                    [show_empty_categories_cat] => 0
                    [show_subcat_desc_cat] => 1
                    [show_cat_num_articles_cat] => 1
                    [num_leading_articles] => 0
                    [num_intro_articles] => 0
                    [num_columns] => 0
                    [num_links] => 0
                    [multi_column_order] => 0
                    [show_subcategory_content] => 0
                    [show_pagination_limit] => 1
                    [filter_field] => hide
                    [show_headings] => 1
                    [list_show_date] => 0
                    [date_format] => 
                    [list_show_hits] => 1
                    [list_show_author] => 1
                    [orderby_pri] => order
                    [orderby_sec] => rdate
                    [order_date] => published
                    [show_pagination] => 0
                    [show_pagination_results] => 0
                    [show_feed_link] => 0
                    [feed_summary] => 0
                    [feed_show_readmore] => 0
                    [layout_type] => blog
                    [info_block_position] => 0
                    [show_tags] => 0
                    [menu_text] => 1
                    [page_title] => Home
                    [show_page_heading] => 0
                    [secure] => 0
                    [page_description] => My site
                    [page_rights] => 
                    [robots] => 
                    [page_heading] => Home
                )

        )

    [HEAD DATA] => Array
        (
            [title] => H.U.G.E. Online - Home
            [description] => My site
            [link] => 
            [metaTags] => Array
                (
                    [http-equiv] => Array
                        (
                            [content-type] => text/html; charset=utf-8
                        )

                    [standard] => Array
                        (
                            [keywords] => 
                            [rights] => 
                        )

                )

            [links] => Array
                (
                    [http://www.huge-online2.co.uk/] => Array
                        (
                            [relation] => canonical
                            [relType] => rel
                            [attribs] => Array
                                (
                                )

                        )

                )

            [styleSheets] => Array
                (
                    [/components/com_jcomments/tpl/vmsource/style.css?v=3002] => Array
                        (
                            [mime] => text/css
                            [media] => 
                            [attribs] => Array
                                (
                                )

                        )

                )

            [style] => Array
                (
                )

            [scripts] => Array
                (
                    [/components/com_jcomments/js/jcomments-v2.3.js?v=12] => Array
                        (
                            [mime] => text/javascript
                            [defer] => 
                            [async] => 
                        )

                    [/components/com_jcomments/libraries/joomlatune/ajax.js?v=4] => Array
                        (
                            [mime] => text/javascript
                            [defer] => 
                            [async] => 
                        )

                    [/media/system/js/caption.js] => Array
                        (
                            [mime] => text/javascript
                            [defer] => 
                            [async] => 
                        )

                )

            [script] => Array
                (
                    [text/javascript] => jQuery(window).on('load',  function() {
				new JCaption('img.caption');
			});
                )

            [custom] => Array
                (
                )

            [scriptText] => Array
                (
                )

        )

    [ACTIVE] => stdClass Object
        (
            [id] => 121
            [menutype] => mainmenu
            [title] => Home
            [alias] => home
            [note] => 
            [route] => home
            [link] => index.php?option=com_content&view=featured
            [type] => component
            [level] => 1
            [language] => *
            [browserNav] => 0
            [access] => 1
            [params] => Joomla\Registry\Registry Object
                (
                    [data:protected] => stdClass Object
                        (
                            [layout_type] => blog
                            [num_leading_articles] => 0
                            [num_intro_articles] => 0
                            [num_columns] => 0
                            [num_links] => 0
                            [multi_column_order] => 
                            [orderby_pri] => 
                            [orderby_sec] => 
                            [order_date] => 
                            [show_pagination] => 0
                            [show_pagination_results] => 0
                            [show_title] => 0
                            [link_titles] => 0
                            [show_intro] => 0
                            [info_block_position] => 0
                            [show_category] => 0
                            [link_category] => 0
                            [show_parent_category] => 0
                            [link_parent_category] => 0
                            [show_author] => 0
                            [link_author] => 0
                            [show_create_date] => 0
                            [show_modify_date] => 0
                            [show_publish_date] => 1
                            [show_item_navigation] => 0
                            [show_vote] => 0
                            [show_readmore] => 0
                            [show_readmore_title] => 0
                            [show_icons] => 0
                            [show_print_icon] => 0
                            [show_email_icon] => 0
                            [show_hits] => use_article
                            [show_tags] => 0
                            [show_noauth] => 0
                            [show_feed_link] => 0
                            [feed_summary] => 
                            [menu-anchor_title] => 
                            [menu-anchor_css] => 
                            [menu_image] => 
                            [menu_text] => 1
                            [page_title] => Home
                            [show_page_heading] => 0
                            [page_heading] => 
                            [pageclass_sfx] => 
                            [menu-meta_description] => 
                            [menu-meta_keywords] => 
                            [robots] => 
                            [secure] => 0
                        )

                )

            [home] => 1
            [img] => 
            [template_style_id] => 0
            [component_id] => 22
            [parent_id] => 1
            [component] => com_content
            [tree] => Array
                (
                    [0] => 121
                )

            [query] => Array
                (
                    [option] => com_content
                    [view] => featured
                )

        )

    [TEMPLATE] => /templates/theme569
    [TEMPLATE PARAMS] => Joomla\Registry\Registry Object
        (
            [data:protected] => stdClass Object
                (
                    [logo] => images/HUGE_logo_WP.png
                    [sitetitle] => 
                    [sitedescription] => Number #1 Online Shop for African and Caribbean Beauty Products
                    [home_animate] => 1
                    [home_tabs] => 1
                )

        )

    [VIEW] => featured
)

Array
(
    [PARAMS] => Joomla\Registry\Registry Object
        (
            [data:protected] => stdClass Object
                (
                    [article_layout] => _:default
                    [show_title] => 0
                    [link_titles] => 0
                    [show_intro] => 0
                    [show_category] => 0
                    [link_category] => 0
                    [show_parent_category] => 0
                    [link_parent_category] => 0
                    [show_author] => 0
                    [link_author] => 0
                    [show_create_date] => 0
                    [show_modify_date] => 0
                    [show_publish_date] => 1
                    [show_item_navigation] => 0
                    [show_vote] => 0
                    [show_readmore] => 0
                    [show_readmore_title] => 0
                    [readmore_limit] => 100
                    [show_icons] => 0
                    [show_print_icon] => 0
                    [show_email_icon] => 0
                    [show_hits] => use_article
                    [show_noauth] => 0
                    [urls_position] => 0
                    [show_publishing_options] => 1
                    [show_article_options] => 1
                    [show_urls_images_frontend] => 0
                    [show_urls_images_backend] => 1
                    [targeta] => 0
                    [targetb] => 0
                    [targetc] => 0
                    [float_intro] => left
                    [float_fulltext] => left
                    [category_layout] => _:blog
                    [show_category_heading_title_text] => 1
                    [show_category_title] => 0
                    [show_description] => 0
                    [show_description_image] => 0
                    [maxLevel] => 1
                    [show_empty_categories] => 0
                    [show_no_articles] => 1
                    [show_subcat_desc] => 1
                    [show_cat_num_articles] => 0
                    [show_base_description] => 1
                    [maxLevelcat] => -1
                    [show_empty_categories_cat] => 0
                    [show_subcat_desc_cat] => 1
                    [show_cat_num_articles_cat] => 1
                    [num_leading_articles] => 0
                    [num_intro_articles] => 0
                    [num_columns] => 0
                    [num_links] => 0
                    [multi_column_order] => 0
                    [show_subcategory_content] => 0
                    [show_pagination_limit] => 1
                    [filter_field] => hide
                    [show_headings] => 1
                    [list_show_date] => 0
                    [date_format] => 
                    [list_show_hits] => 1
                    [list_show_author] => 1
                    [orderby_pri] => order
                    [orderby_sec] => rdate
                    [order_date] => published
                    [show_pagination] => 0
                    [show_pagination_results] => 0
                    [show_feed_link] => 0
                    [feed_summary] => 0
                    [feed_show_readmore] => 0
                    [layout_type] => blog
                    [info_block_position] => 0
                    [show_tags] => 0
                    [menu_text] => 1
                    [page_title] => Home
                    [show_page_heading] => 0
                    [secure] => 0
                    [page_description] => My site
                    [page_rights] => 
                    [robots] => 
                    [page_heading] => Home
                )

        )

    [HEAD DATA] => Array
        (
            [title] => H.U.G.E. Online - Home
            [description] => My site
            [link] => 
            [metaTags] => Array
                (
                    [http-equiv] => Array
                        (
                            [content-type] => text/html; charset=utf-8
                        )

                    [standard] => Array
                        (
                            [keywords] => 
                            [rights] => 
                        )

                )

            [links] => Array
                (
                    [http://www.huge-online2.co.uk/] => Array
                        (
                            [relation] => canonical
                            [relType] => rel
                            [attribs] => Array
                                (
                                )

                        )

                )

            [styleSheets] => Array
                (
                    [/components/com_jcomments/tpl/vmsource/style.css?v=3002] => Array
                        (
                            [mime] => text/css
                            [media] => 
                            [attribs] => Array
                                (
                                )

                        )

                )

            [style] => Array
                (
                )

            [scripts] => Array
                (
                    [/components/com_jcomments/js/jcomments-v2.3.js?v=12] => Array
                        (
                            [mime] => text/javascript
                            [defer] => 
                            [async] => 
                        )

                    [/components/com_jcomments/libraries/joomlatune/ajax.js?v=4] => Array
                        (
                            [mime] => text/javascript
                            [defer] => 
                            [async] => 
                        )

                    [/media/system/js/caption.js] => Array
                        (
                            [mime] => text/javascript
                            [defer] => 
                            [async] => 
                        )

                )

            [script] => Array
                (
                    [text/javascript] => jQuery(window).on('load',  function() {
				new JCaption('img.caption');
			});
                )

            [custom] => Array
                (
                )

            [scriptText] => Array
                (
                )

        )

    [ACTIVE] => stdClass Object
        (
            [id] => 121
            [menutype] => mainmenu
            [title] => Home
            [alias] => home
            [note] => 
            [route] => home
            [link] => index.php?option=com_content&view=featured
            [type] => component
            [level] => 1
            [language] => *
            [browserNav] => 0
            [access] => 1
            [params] => Joomla\Registry\Registry Object
                (
                    [data:protected] => stdClass Object
                        (
                            [layout_type] => blog
                            [num_leading_articles] => 0
                            [num_intro_articles] => 0
                            [num_columns] => 0
                            [num_links] => 0
                            [multi_column_order] => 
                            [orderby_pri] => 
                            [orderby_sec] => 
                            [order_date] => 
                            [show_pagination] => 0
                            [show_pagination_results] => 0
                            [show_title] => 0
                            [link_titles] => 0
                            [show_intro] => 0
                            [info_block_position] => 0
                            [show_category] => 0
                            [link_category] => 0
                            [show_parent_category] => 0
                            [link_parent_category] => 0
                            [show_author] => 0
                            [link_author] => 0
                            [show_create_date] => 0
                            [show_modify_date] => 0
                            [show_publish_date] => 1
                            [show_item_navigation] => 0
                            [show_vote] => 0
                            [show_readmore] => 0
                            [show_readmore_title] => 0
                            [show_icons] => 0
                            [show_print_icon] => 0
                            [show_email_icon] => 0
                            [show_hits] => use_article
                            [show_tags] => 0
                            [show_noauth] => 0
                            [show_feed_link] => 0
                            [feed_summary] => 
                            [menu-anchor_title] => 
                            [menu-anchor_css] => 
                            [menu_image] => 
                            [menu_text] => 1
                            [page_title] => Home
                            [show_page_heading] => 0
                            [page_heading] => 
                            [pageclass_sfx] => 
                            [menu-meta_description] => 
                            [menu-meta_keywords] => 
                            [robots] => 
                            [secure] => 0
                        )

                )

            [home] => 1
            [img] => 
            [template_style_id] => 0
            [component_id] => 22
            [parent_id] => 1
            [component] => com_content
            [tree] => Array
                (
                    [0] => 121
                )

            [query] => Array
                (
                    [option] => com_content
                    [view] => featured
                )

        )

    [TEMPLATE] => /templates/theme569
    [TEMPLATE PARAMS] => Joomla\Registry\Registry Object
        (
            [data:protected] => stdClass Object
                (
                    [logo] => images/HUGE_logo_WP.png
                    [sitetitle] => 
                    [sitedescription] => Number #1 Online Shop for African and Caribbean Beauty Products
                    [home_animate] => 1
                    [home_tabs] => 1
                )

        )

    [VIEW] => featured
)

Array
(
    [PARAMS] => Joomla\Registry\Registry Object
        (
            [data:protected] => stdClass Object
                (
                    [article_layout] => _:default
                    [show_title] => 0
                    [link_titles] => 0
                    [show_intro] => 0
                    [show_category] => 0
                    [link_category] => 0
                    [show_parent_category] => 0
                    [link_parent_category] => 0
                    [show_author] => 0
                    [link_author] => 0
                    [show_create_date] => 0
                    [show_modify_date] => 0
                    [show_publish_date] => 1
                    [show_item_navigation] => 0
                    [show_vote] => 0
                    [show_readmore] => 0
                    [show_readmore_title] => 0
                    [readmore_limit] => 100
                    [show_icons] => 0
                    [show_print_icon] => 0
                    [show_email_icon] => 0
                    [show_hits] => use_article
                    [show_noauth] => 0
                    [urls_position] => 0
                    [show_publishing_options] => 1
                    [show_article_options] => 1
                    [show_urls_images_frontend] => 0
                    [show_urls_images_backend] => 1
                    [targeta] => 0
                    [targetb] => 0
                    [targetc] => 0
                    [float_intro] => left
                    [float_fulltext] => left
                    [category_layout] => _:blog
                    [show_category_heading_title_text] => 1
                    [show_category_title] => 0
                    [show_description] => 0
                    [show_description_image] => 0
                    [maxLevel] => 1
                    [show_empty_categories] => 0
                    [show_no_articles] => 1
                    [show_subcat_desc] => 1
                    [show_cat_num_articles] => 0
                    [show_base_description] => 1
                    [maxLevelcat] => -1
                    [show_empty_categories_cat] => 0
                    [show_subcat_desc_cat] => 1
                    [show_cat_num_articles_cat] => 1
                    [num_leading_articles] => 0
                    [num_intro_articles] => 0
                    [num_columns] => 0
                    [num_links] => 0
                    [multi_column_order] => 0
                    [show_subcategory_content] => 0
                    [show_pagination_limit] => 1
                    [filter_field] => hide
                    [show_headings] => 1
                    [list_show_date] => 0
                    [date_format] => 
                    [list_show_hits] => 1
                    [list_show_author] => 1
                    [orderby_pri] => order
                    [orderby_sec] => rdate
                    [order_date] => published
                    [show_pagination] => 0
                    [show_pagination_results] => 0
                    [show_feed_link] => 0
                    [feed_summary] => 0
                    [feed_show_readmore] => 0
                    [layout_type] => blog
                    [info_block_position] => 0
                    [show_tags] => 0
                    [menu_text] => 1
                    [page_title] => Home
                    [show_page_heading] => 0
                    [secure] => 0
                    [page_description] => My site
                    [page_rights] => 
                    [robots] => 
                    [page_heading] => Home
                )

        )

    [HEAD DATA] => Array
        (
            [title] => H.U.G.E. Online - Home
            [description] => My site
            [link] => 
            [metaTags] => Array
                (
                    [http-equiv] => Array
                        (
                            [content-type] => text/html; charset=utf-8
                        )

                    [standard] => Array
                        (
                            [keywords] => 
                            [rights] => 
                        )

                )

            [links] => Array
                (
                    [http://www.huge-online2.co.uk/] => Array
                        (
                            [relation] => canonical
                            [relType] => rel
                            [attribs] => Array
                                (
                                )

                        )

                )

            [styleSheets] => Array
                (
                    [/components/com_jcomments/tpl/vmsource/style.css?v=3002] => Array
                        (
                            [mime] => text/css
                            [media] => 
                            [attribs] => Array
                                (
                                )

                        )

                )

            [style] => Array
                (
                )

            [scripts] => Array
                (
                    [/components/com_jcomments/js/jcomments-v2.3.js?v=12] => Array
                        (
                            [mime] => text/javascript
                            [defer] => 
                            [async] => 
                        )

                    [/components/com_jcomments/libraries/joomlatune/ajax.js?v=4] => Array
                        (
                            [mime] => text/javascript
                            [defer] => 
                            [async] => 
                        )

                    [/media/system/js/caption.js] => Array
                        (
                            [mime] => text/javascript
                            [defer] => 
                            [async] => 
                        )

                )

            [script] => Array
                (
                    [text/javascript] => jQuery(window).on('load',  function() {
				new JCaption('img.caption');
			});
                )

            [custom] => Array
                (
                )

            [scriptText] => Array
                (
                )

        )

    [ACTIVE] => stdClass Object
        (
            [id] => 121
            [menutype] => mainmenu
            [title] => Home
            [alias] => home
            [note] => 
            [route] => home
            [link] => index.php?option=com_content&view=featured
            [type] => component
            [level] => 1
            [language] => *
            [browserNav] => 0
            [access] => 1
            [params] => Joomla\Registry\Registry Object
                (
                    [data:protected] => stdClass Object
                        (
                            [layout_type] => blog
                            [num_leading_articles] => 0
                            [num_intro_articles] => 0
                            [num_columns] => 0
                            [num_links] => 0
                            [multi_column_order] => 
                            [orderby_pri] => 
                            [orderby_sec] => 
                            [order_date] => 
                            [show_pagination] => 0
                            [show_pagination_results] => 0
                            [show_title] => 0
                            [link_titles] => 0
                            [show_intro] => 0
                            [info_block_position] => 0
                            [show_category] => 0
                            [link_category] => 0
                            [show_parent_category] => 0
                            [link_parent_category] => 0
                            [show_author] => 0
                            [link_author] => 0
                            [show_create_date] => 0
                            [show_modify_date] => 0
                            [show_publish_date] => 1
                            [show_item_navigation] => 0
                            [show_vote] => 0
                            [show_readmore] => 0
                            [show_readmore_title] => 0
                            [show_icons] => 0
                            [show_print_icon] => 0
                            [show_email_icon] => 0
                            [show_hits] => use_article
                            [show_tags] => 0
                            [show_noauth] => 0
                            [show_feed_link] => 0
                            [feed_summary] => 
                            [menu-anchor_title] => 
                            [menu-anchor_css] => 
                            [menu_image] => 
                            [menu_text] => 1
                            [page_title] => Home
                            [show_page_heading] => 0
                            [page_heading] => 
                            [pageclass_sfx] => 
                            [menu-meta_description] => 
                            [menu-meta_keywords] => 
                            [robots] => 
                            [secure] => 0
                        )

                )

            [home] => 1
            [img] => 
            [template_style_id] => 0
            [component_id] => 22
            [parent_id] => 1
            [component] => com_content
            [tree] => Array
                (
                    [0] => 121
                )

            [query] => Array
                (
                    [option] => com_content
                    [view] => featured
                )

        )

    [TEMPLATE] => /templates/theme569
    [TEMPLATE PARAMS] => Joomla\Registry\Registry Object
        (
            [data:protected] => stdClass Object
                (
                    [logo] => images/HUGE_logo_WP.png
                    [sitetitle] => 
                    [sitedescription] => Number #1 Online Shop for African and Caribbean Beauty Products
                    [home_animate] => 1
                    [home_tabs] => 1
                )

        )

    [VIEW] => featured
)

Array
(
    [PARAMS] => Joomla\Registry\Registry Object
        (
            [data:protected] => stdClass Object
                (
                    [article_layout] => _:default
                    [show_title] => 0
                    [link_titles] => 0
                    [show_intro] => 0
                    [show_category] => 0
                    [link_category] => 0
                    [show_parent_category] => 0
                    [link_parent_category] => 0
                    [show_author] => 0
                    [link_author] => 0
                    [show_create_date] => 0
                    [show_modify_date] => 0
                    [show_publish_date] => 1
                    [show_item_navigation] => 0
                    [show_vote] => 0
                    [show_readmore] => 0
                    [show_readmore_title] => 0
                    [readmore_limit] => 100
                    [show_icons] => 0
                    [show_print_icon] => 0
                    [show_email_icon] => 0
                    [show_hits] => use_article
                    [show_noauth] => 0
                    [urls_position] => 0
                    [show_publishing_options] => 1
                    [show_article_options] => 1
                    [show_urls_images_frontend] => 0
                    [show_urls_images_backend] => 1
                    [targeta] => 0
                    [targetb] => 0
                    [targetc] => 0
                    [float_intro] => left
                    [float_fulltext] => left
                    [category_layout] => _:blog
                    [show_category_heading_title_text] => 1
                    [show_category_title] => 0
                    [show_description] => 0
                    [show_description_image] => 0
                    [maxLevel] => 1
                    [show_empty_categories] => 0
                    [show_no_articles] => 1
                    [show_subcat_desc] => 1
                    [show_cat_num_articles] => 0
                    [show_base_description] => 1
                    [maxLevelcat] => -1
                    [show_empty_categories_cat] => 0
                    [show_subcat_desc_cat] => 1
                    [show_cat_num_articles_cat] => 1
                    [num_leading_articles] => 0
                    [num_intro_articles] => 0
                    [num_columns] => 0
                    [num_links] => 0
                    [multi_column_order] => 0
                    [show_subcategory_content] => 0
                    [show_pagination_limit] => 1
                    [filter_field] => hide
                    [show_headings] => 1
                    [list_show_date] => 0
                    [date_format] => 
                    [list_show_hits] => 1
                    [list_show_author] => 1
                    [orderby_pri] => order
                    [orderby_sec] => rdate
                    [order_date] => published
                    [show_pagination] => 0
                    [show_pagination_results] => 0
                    [show_feed_link] => 0
                    [feed_summary] => 0
                    [feed_show_readmore] => 0
                    [layout_type] => blog
                    [info_block_position] => 0
                    [show_tags] => 0
                    [menu_text] => 1
                    [page_title] => Home
                    [show_page_heading] => 0
                    [secure] => 0
                    [page_description] => My site
                    [page_rights] => 
                    [robots] => 
                    [page_heading] => Home
                )

        )

    [HEAD DATA] => Array
        (
            [title] => H.U.G.E. Online - Home
            [description] => My site
            [link] => 
            [metaTags] => Array
                (
                    [http-equiv] => Array
                        (
                            [content-type] => text/html; charset=utf-8
                        )

                    [standard] => Array
                        (
                            [keywords] => 
                            [rights] => 
                        )

                )

            [links] => Array
                (
                    [http://www.huge-online2.co.uk/] => Array
                        (
                            [relation] => canonical
                            [relType] => rel
                            [attribs] => Array
                                (
                                )

                        )

                )

            [styleSheets] => Array
                (
                    [/components/com_jcomments/tpl/vmsource/style.css?v=3002] => Array
                        (
                            [mime] => text/css
                            [media] => 
                            [attribs] => Array
                                (
                                )

                        )

                )

            [style] => Array
                (
                )

            [scripts] => Array
                (
                    [/components/com_jcomments/js/jcomments-v2.3.js?v=12] => Array
                        (
                            [mime] => text/javascript
                            [defer] => 
                            [async] => 
                        )

                    [/components/com_jcomments/libraries/joomlatune/ajax.js?v=4] => Array
                        (
                            [mime] => text/javascript
                            [defer] => 
                            [async] => 
                        )

                    [/media/system/js/caption.js] => Array
                        (
                            [mime] => text/javascript
                            [defer] => 
                            [async] => 
                        )

                )

            [script] => Array
                (
                    [text/javascript] => jQuery(window).on('load',  function() {
				new JCaption('img.caption');
			});
                )

            [custom] => Array
                (
                )

            [scriptText] => Array
                (
                )

        )

    [ACTIVE] => stdClass Object
        (
            [id] => 121
            [menutype] => mainmenu
            [title] => Home
            [alias] => home
            [note] => 
            [route] => home
            [link] => index.php?option=com_content&view=featured
            [type] => component
            [level] => 1
            [language] => *
            [browserNav] => 0
            [access] => 1
            [params] => Joomla\Registry\Registry Object
                (
                    [data:protected] => stdClass Object
                        (
                            [layout_type] => blog
                            [num_leading_articles] => 0
                            [num_intro_articles] => 0
                            [num_columns] => 0
                            [num_links] => 0
                            [multi_column_order] => 
                            [orderby_pri] => 
                            [orderby_sec] => 
                            [order_date] => 
                            [show_pagination] => 0
                            [show_pagination_results] => 0
                            [show_title] => 0
                            [link_titles] => 0
                            [show_intro] => 0
                            [info_block_position] => 0
                            [show_category] => 0
                            [link_category] => 0
                            [show_parent_category] => 0
                            [link_parent_category] => 0
                            [show_author] => 0
                            [link_author] => 0
                            [show_create_date] => 0
                            [show_modify_date] => 0
                            [show_publish_date] => 1
                            [show_item_navigation] => 0
                            [show_vote] => 0
                            [show_readmore] => 0
                            [show_readmore_title] => 0
                            [show_icons] => 0
                            [show_print_icon] => 0
                            [show_email_icon] => 0
                            [show_hits] => use_article
                            [show_tags] => 0
                            [show_noauth] => 0
                            [show_feed_link] => 0
                            [feed_summary] => 
                            [menu-anchor_title] => 
                            [menu-anchor_css] => 
                            [menu_image] => 
                            [menu_text] => 1
                            [page_title] => Home
                            [show_page_heading] => 0
                            [page_heading] => 
                            [pageclass_sfx] => 
                            [menu-meta_description] => 
                            [menu-meta_keywords] => 
                            [robots] => 
                            [secure] => 0
                        )

                )

            [home] => 1
            [img] => 
            [template_style_id] => 0
            [component_id] => 22
            [parent_id] => 1
            [component] => com_content
            [tree] => Array
                (
                    [0] => 121
                )

            [query] => Array
                (
                    [option] => com_content
                    [view] => featured
                )

        )

    [TEMPLATE] => /templates/theme569
    [TEMPLATE PARAMS] => Joomla\Registry\Registry Object
        (
            [data:protected] => stdClass Object
                (
                    [logo] => images/HUGE_logo_WP.png
                    [sitetitle] => 
                    [sitedescription] => Number #1 Online Shop for African and Caribbean Beauty Products
                    [home_animate] => 1
                    [home_tabs] => 1
                )

        )

    [VIEW] => featured
)

Array
(
    [PARAMS] => Joomla\Registry\Registry Object
        (
            [data:protected] => stdClass Object
                (
                    [allowUserRegistration] => 1
                    [new_usertype] => 2
                    [guest_usergroup] => 1
                    [sendpassword] => 1
                    [useractivation] => 2
                    [mail_to_admin] => 1
                    [captcha] => 
                    [frontend_userparams] => 1
                    [site_language] => 0
                    [change_login_name] => 0
                    [reset_count] => 10
                    [reset_time] => 1
                    [mailSubjectPrefix] => 
                    [mailBodySuffix] => 
                    [logindescription_show] => 1
                    [logoutdescription_show] => 1
                    [menu_text] => 1
                    [show_page_heading] => 0
                    [secure] => 0
                    [page_title] => Sign in
                    [page_description] => My site
                    [page_rights] => 
                    [robots] => 
                )

        )

    [HEAD DATA] => Array
        (
            [title] => H.U.G.E. Online - Sign in
            [description] => My site
            [link] => 
            [metaTags] => Array
                (
                    [http-equiv] => Array
                        (
                            [content-type] => text/html; charset=utf-8
                        )

                    [standard] => Array
                        (
                            [keywords] => 
                            [rights] => 
                        )

                )

            [links] => Array
                (
                    [http://www.huge-online2.co.uk/index.php/sign-in] => Array
                        (
                            [relation] => canonical
                            [relType] => rel
                            [attribs] => Array
                                (
                                )

                        )

                )

            [styleSheets] => Array
                (
                )

            [style] => Array
                (
                )

            [scripts] => Array
                (
                )

            [script] => Array
                (
                    [text/javascript] => (function(d){
					  var js, id = 'powr-js', ref = d.getElementsByTagName('script')[0];
					  if (d.getElementById(id)) {return;}
					  js = d.createElement('script'); js.id = id; js.async = true;
					  js.src = 'http://www.huge-online2.co.uk/plugins/content/powrshortcodes/powr_joomla.js';
					  js.setAttribute('powr-token','e5qtsAa2nN1567888137');
					  js.setAttribute('external-type','joomla');
					  ref.parentNode.insertBefore(js, ref);
					}(document));
                )

            [custom] => Array
                (
                )

            [scriptText] => Array
                (
                )

        )

    [ACTIVE] => stdClass Object
        (
            [id] => 302
            [menutype] => top-menu
            [title] => Sign in
            [alias] => sign-in
            [note] => 
            [route] => sign-in
            [link] => index.php?option=com_users&view=login
            [type] => component
            [level] => 1
            [language] => *
            [browserNav] => 0
            [access] => 1
            [params] => Joomla\Registry\Registry Object
                (
                    [data:protected] => stdClass Object
                        (
                            [login_redirect_url] => 
                            [logindescription_show] => 1
                            [login_description] => 
                            [login_image] => 
                            [logout_redirect_url] => 
                            [logoutdescription_show] => 1
                            [logout_description] => 
                            [logout_image] => 
                            [menu-anchor_title] => 
                            [menu-anchor_css] => 
                            [menu_image] => 
                            [menu_text] => 1
                            [page_title] => 
                            [show_page_heading] => 0
                            [page_heading] => 
                            [pageclass_sfx] => 
                            [menu-meta_description] => 
                            [menu-meta_keywords] => 
                            [robots] => 
                            [secure] => 0
                        )

                )

            [home] => 0
            [img] => 
            [template_style_id] => 0
            [component_id] => 25
            [parent_id] => 1
            [component] => com_users
            [tree] => Array
                (
                    [0] => 302
                )

            [query] => Array
                (
                    [option] => com_users
                    [view] => login
                )

        )

    [TEMPLATE] => /templates/theme569
    [TEMPLATE PARAMS] => Joomla\Registry\Registry Object
        (
            [data:protected] => stdClass Object
                (
                    [logo] => images/HUGE_logo_WP.png
                    [sitetitle] => 
                    [sitedescription] => Number #1 Online Shop for African and Caribbean Beauty Products
                    [home_animate] => 1
                    [home_tabs] => 1
                )

        )

    [VIEW] => login
)

Array
(
    [PARAMS] => Joomla\Registry\Registry Object
        (
            [data:protected] => stdClass Object
                (
                    [article_layout] => _:default
                    [show_title] => 0
                    [link_titles] => 0
                    [show_intro] => 0
                    [show_category] => 0
                    [link_category] => 0
                    [show_parent_category] => 0
                    [link_parent_category] => 0
                    [show_author] => 0
                    [link_author] => 0
                    [show_create_date] => 0
                    [show_modify_date] => 0
                    [show_publish_date] => 1
                    [show_item_navigation] => 0
                    [show_vote] => 0
                    [show_readmore] => 0
                    [show_readmore_title] => 0
                    [readmore_limit] => 100
                    [show_icons] => 0
                    [show_print_icon] => 0
                    [show_email_icon] => 0
                    [show_hits] => use_article
                    [show_noauth] => 0
                    [urls_position] => 0
                    [show_publishing_options] => 1
                    [show_article_options] => 1
                    [show_urls_images_frontend] => 0
                    [show_urls_images_backend] => 1
                    [targeta] => 0
                    [targetb] => 0
                    [targetc] => 0
                    [float_intro] => left
                    [float_fulltext] => left
                    [category_layout] => _:blog
                    [show_category_heading_title_text] => 1
                    [show_category_title] => 0
                    [show_description] => 0
                    [show_description_image] => 0
                    [maxLevel] => 1
                    [show_empty_categories] => 0
                    [show_no_articles] => 1
                    [show_subcat_desc] => 1
                    [show_cat_num_articles] => 0
                    [show_base_description] => 1
                    [maxLevelcat] => -1
                    [show_empty_categories_cat] => 0
                    [show_subcat_desc_cat] => 1
                    [show_cat_num_articles_cat] => 1
                    [num_leading_articles] => 0
                    [num_intro_articles] => 0
                    [num_columns] => 0
                    [num_links] => 0
                    [multi_column_order] => 0
                    [show_subcategory_content] => 0
                    [show_pagination_limit] => 1
                    [filter_field] => hide
                    [show_headings] => 1
                    [list_show_date] => 0
                    [date_format] => 
                    [list_show_hits] => 1
                    [list_show_author] => 1
                    [orderby_pri] => order
                    [orderby_sec] => rdate
                    [order_date] => published
                    [show_pagination] => 0
                    [show_pagination_results] => 0
                    [show_feed_link] => 0
                    [feed_summary] => 0
                    [feed_show_readmore] => 0
                    [layout_type] => blog
                    [info_block_position] => 0
                    [show_tags] => 0
                    [menu_text] => 1
                    [page_title] => Home
                    [show_page_heading] => 0
                    [secure] => 0
                    [page_description] => My site
                    [page_rights] => 
                    [robots] => 
                    [page_heading] => Home
                )

        )

    [HEAD DATA] => Array
        (
            [title] => H.U.G.E. Online - Home
            [description] => My site
            [link] => 
            [metaTags] => Array
                (
                    [http-equiv] => Array
                        (
                            [content-type] => text/html; charset=utf-8
                        )

                    [standard] => Array
                        (
                            [keywords] => 
                            [rights] => 
                        )

                )

            [links] => Array
                (
                    [http://www.huge-online2.co.uk/] => Array
                        (
                            [relation] => canonical
                            [relType] => rel
                            [attribs] => Array
                                (
                                )

                        )

                )

            [styleSheets] => Array
                (
                    [/components/com_jcomments/tpl/vmsource/style.css?v=3002] => Array
                        (
                            [mime] => text/css
                            [media] => 
                            [attribs] => Array
                                (
                                )

                        )

                )

            [style] => Array
                (
                )

            [scripts] => Array
                (
                    [/components/com_jcomments/js/jcomments-v2.3.js?v=12] => Array
                        (
                            [mime] => text/javascript
                            [defer] => 
                            [async] => 
                        )

                    [/components/com_jcomments/libraries/joomlatune/ajax.js?v=4] => Array
                        (
                            [mime] => text/javascript
                            [defer] => 
                            [async] => 
                        )

                    [/media/system/js/caption.js] => Array
                        (
                            [mime] => text/javascript
                            [defer] => 
                            [async] => 
                        )

                )

            [script] => Array
                (
                    [text/javascript] => jQuery(window).on('load',  function() {
				new JCaption('img.caption');
			});
                )

            [custom] => Array
                (
                )

            [scriptText] => Array
                (
                )

        )

    [ACTIVE] => stdClass Object
        (
            [id] => 121
            [menutype] => mainmenu
            [title] => Home
            [alias] => home
            [note] => 
            [route] => home
            [link] => index.php?option=com_content&view=featured
            [type] => component
            [level] => 1
            [language] => *
            [browserNav] => 0
            [access] => 1
            [params] => Joomla\Registry\Registry Object
                (
                    [data:protected] => stdClass Object
                        (
                            [layout_type] => blog
                            [num_leading_articles] => 0
                            [num_intro_articles] => 0
                            [num_columns] => 0
                            [num_links] => 0
                            [multi_column_order] => 
                            [orderby_pri] => 
                            [orderby_sec] => 
                            [order_date] => 
                            [show_pagination] => 0
                            [show_pagination_results] => 0
                            [show_title] => 0
                            [link_titles] => 0
                            [show_intro] => 0
                            [info_block_position] => 0
                            [show_category] => 0
                            [link_category] => 0
                            [show_parent_category] => 0
                            [link_parent_category] => 0
                            [show_author] => 0
                            [link_author] => 0
                            [show_create_date] => 0
                            [show_modify_date] => 0
                            [show_publish_date] => 1
                            [show_item_navigation] => 0
                            [show_vote] => 0
                            [show_readmore] => 0
                            [show_readmore_title] => 0
                            [show_icons] => 0
                            [show_print_icon] => 0
                            [show_email_icon] => 0
                            [show_hits] => use_article
                            [show_tags] => 0
                            [show_noauth] => 0
                            [show_feed_link] => 0
                            [feed_summary] => 
                            [menu-anchor_title] => 
                            [menu-anchor_css] => 
                            [menu_image] => 
                            [menu_text] => 1
                            [page_title] => Home
                            [show_page_heading] => 0
                            [page_heading] => 
                            [pageclass_sfx] => 
                            [menu-meta_description] => 
                            [menu-meta_keywords] => 
                            [robots] => 
                            [secure] => 0
                        )

                )

            [home] => 1
            [img] => 
            [template_style_id] => 0
            [component_id] => 22
            [parent_id] => 1
            [component] => com_content
            [tree] => Array
                (
                    [0] => 121
                )

            [query] => Array
                (
                    [option] => com_content
                    [view] => featured
                )

        )

    [TEMPLATE] => /templates/theme569
    [TEMPLATE PARAMS] => Joomla\Registry\Registry Object
        (
            [data:protected] => stdClass Object
                (
                    [logo] => images/HUGE_logo_WP.png
                    [sitetitle] => 
                    [sitedescription] => Number #1 Online Shop for African and Caribbean Beauty Products
                    [home_animate] => 1
                    [home_tabs] => 1
                )

        )

    [VIEW] => featured
)

Array
(
    [PARAMS] => Joomla\Registry\Registry Object
        (
            [data:protected] => stdClass Object
                (
                    [article_layout] => _:default
                    [show_title] => 0
                    [link_titles] => 0
                    [show_intro] => 0
                    [show_category] => 0
                    [link_category] => 0
                    [show_parent_category] => 0
                    [link_parent_category] => 0
                    [show_author] => 0
                    [link_author] => 0
                    [show_create_date] => 0
                    [show_modify_date] => 0
                    [show_publish_date] => 1
                    [show_item_navigation] => 0
                    [show_vote] => 0
                    [show_readmore] => 0
                    [show_readmore_title] => 0
                    [readmore_limit] => 100
                    [show_icons] => 0
                    [show_print_icon] => 0
                    [show_email_icon] => 0
                    [show_hits] => use_article
                    [show_noauth] => 0
                    [urls_position] => 0
                    [show_publishing_options] => 1
                    [show_article_options] => 1
                    [show_urls_images_frontend] => 0
                    [show_urls_images_backend] => 1
                    [targeta] => 0
                    [targetb] => 0
                    [targetc] => 0
                    [float_intro] => left
                    [float_fulltext] => left
                    [category_layout] => _:blog
                    [show_category_heading_title_text] => 1
                    [show_category_title] => 0
                    [show_description] => 0
                    [show_description_image] => 0
                    [maxLevel] => 1
                    [show_empty_categories] => 0
                    [show_no_articles] => 1
                    [show_subcat_desc] => 1
                    [show_cat_num_articles] => 0
                    [show_base_description] => 1
                    [maxLevelcat] => -1
                    [show_empty_categories_cat] => 0
                    [show_subcat_desc_cat] => 1
                    [show_cat_num_articles_cat] => 1
                    [num_leading_articles] => 0
                    [num_intro_articles] => 0
                    [num_columns] => 0
                    [num_links] => 0
                    [multi_column_order] => 0
                    [show_subcategory_content] => 0
                    [show_pagination_limit] => 1
                    [filter_field] => hide
                    [show_headings] => 1
                    [list_show_date] => 0
                    [date_format] => 
                    [list_show_hits] => 1
                    [list_show_author] => 1
                    [orderby_pri] => order
                    [orderby_sec] => rdate
                    [order_date] => published
                    [show_pagination] => 0
                    [show_pagination_results] => 0
                    [show_feed_link] => 0
                    [feed_summary] => 0
                    [feed_show_readmore] => 0
                    [layout_type] => blog
                    [info_block_position] => 0
                    [show_tags] => 0
                    [menu_text] => 1
                    [page_title] => Home
                    [show_page_heading] => 0
                    [secure] => 0
                    [page_description] => My site
                    [page_rights] => 
                    [robots] => 
                    [page_heading] => Home
                )

        )

    [HEAD DATA] => Array
        (
            [title] => H.U.G.E. Online - Home
            [description] => My site
            [link] => 
            [metaTags] => Array
                (
                    [http-equiv] => Array
                        (
                            [content-type] => text/html; charset=utf-8
                        )

                    [standard] => Array
                        (
                            [keywords] => 
                            [rights] => 
                        )

                )

            [links] => Array
                (
                    [http://www.huge-online2.co.uk/] => Array
                        (
                            [relation] => canonical
                            [relType] => rel
                            [attribs] => Array
                                (
                                )

                        )

                )

            [styleSheets] => Array
                (
                    [/components/com_jcomments/tpl/vmsource/style.css?v=3002] => Array
                        (
                            [mime] => text/css
                            [media] => 
                            [attribs] => Array
                                (
                                )

                        )

                )

            [style] => Array
                (
                )

            [scripts] => Array
                (
                    [/components/com_jcomments/js/jcomments-v2.3.js?v=12] => Array
                        (
                            [mime] => text/javascript
                            [defer] => 
                            [async] => 
                        )

                    [/components/com_jcomments/libraries/joomlatune/ajax.js?v=4] => Array
                        (
                            [mime] => text/javascript
                            [defer] => 
                            [async] => 
                        )

                    [/media/system/js/caption.js] => Array
                        (
                            [mime] => text/javascript
                            [defer] => 
                            [async] => 
                        )

                )

            [script] => Array
                (
                    [text/javascript] => jQuery(window).on('load',  function() {
				new JCaption('img.caption');
			});
                )

            [custom] => Array
                (
                )

            [scriptText] => Array
                (
                )

        )

    [ACTIVE] => stdClass Object
        (
            [id] => 121
            [menutype] => mainmenu
            [title] => Home
            [alias] => home
            [note] => 
            [route] => home
            [link] => index.php?option=com_content&view=featured
            [type] => component
            [level] => 1
            [language] => *
            [browserNav] => 0
            [access] => 1
            [params] => Joomla\Registry\Registry Object
                (
                    [data:protected] => stdClass Object
                        (
                            [layout_type] => blog
                            [num_leading_articles] => 0
                            [num_intro_articles] => 0
                            [num_columns] => 0
                            [num_links] => 0
                            [multi_column_order] => 
                            [orderby_pri] => 
                            [orderby_sec] => 
                            [order_date] => 
                            [show_pagination] => 0
                            [show_pagination_results] => 0
                            [show_title] => 0
                            [link_titles] => 0
                            [show_intro] => 0
                            [info_block_position] => 0
                            [show_category] => 0
                            [link_category] => 0
                            [show_parent_category] => 0
                            [link_parent_category] => 0
                            [show_author] => 0
                            [link_author] => 0
                            [show_create_date] => 0
                            [show_modify_date] => 0
                            [show_publish_date] => 1
                            [show_item_navigation] => 0
                            [show_vote] => 0
                            [show_readmore] => 0
                            [show_readmore_title] => 0
                            [show_icons] => 0
                            [show_print_icon] => 0
                            [show_email_icon] => 0
                            [show_hits] => use_article
                            [show_tags] => 0
                            [show_noauth] => 0
                            [show_feed_link] => 0
                            [feed_summary] => 
                            [menu-anchor_title] => 
                            [menu-anchor_css] => 
                            [menu_image] => 
                            [menu_text] => 1
                            [page_title] => Home
                            [show_page_heading] => 0
                            [page_heading] => 
                            [pageclass_sfx] => 
                            [menu-meta_description] => 
                            [menu-meta_keywords] => 
                            [robots] => 
                            [secure] => 0
                        )

                )

            [home] => 1
            [img] => 
            [template_style_id] => 0
            [component_id] => 22
            [parent_id] => 1
            [component] => com_content
            [tree] => Array
                (
                    [0] => 121
                )

            [query] => Array
                (
                    [option] => com_content
                    [view] => featured
                )

        )

    [TEMPLATE] => /templates/theme569
    [TEMPLATE PARAMS] => Joomla\Registry\Registry Object
        (
            [data:protected] => stdClass Object
                (
                    [logo] => images/HUGE_logo_WP.png
                    [sitetitle] => 
                    [sitedescription] => Number #1 Online Shop for African and Caribbean Beauty Products
                    [home_animate] => 1
                    [home_tabs] => 1
                )

        )

    [VIEW] => featured
)

